[2022-01-29 15:17:50,920] multiqc                                            [DEBUG  ]  No MultiQC config found: /nfs/software/mi/el7.2/python_virtenvs2/.virtualenvs/multiqc/lib/python2.7/site-packages/multiqc_config.yaml
[2022-01-29 15:17:50,921] multiqc                                            [DEBUG  ]  No MultiQC config found: /users/jvalcarcel/emancini/.multiqc_config.yaml
[2022-01-29 15:17:50,922] multiqc                                            [DEBUG  ]  No MultiQC config found: multiqc_config.yaml
[2022-01-29 15:17:50,922] multiqc                                            [DEBUG  ]  Command used: /nfs/software/mi/el7.2/python_virtenvs2/.virtualenvs/multiqc/bin/multiqc -p .
[2022-01-29 15:17:51,704] multiqc                                            [WARNING]  MultiQC Version v1.11 now available!
[2022-01-29 15:17:51,704] multiqc                                            [INFO   ]  This is MultiQC v1.6
[2022-01-29 15:17:51,704] multiqc                                            [DEBUG  ]  Command     : /nfs/software/mi/el7.2/python_virtenvs2/.virtualenvs/multiqc/bin/multiqc -p .
[2022-01-29 15:17:51,704] multiqc                                            [DEBUG  ]  Working dir : /nfs/no_backup/jvalcarcel/emancini/anieto
[2022-01-29 15:17:51,705] multiqc                                            [INFO   ]  Template    : default
[2022-01-29 15:17:51,705] multiqc                                            [INFO   ]  Searching '.'
[2022-01-29 15:17:51,706] multiqc                                            [DEBUG  ]  Analysing modules: custom_content, conpair, peddy, methylQA, qualimap, preseq, quast, qorts, rna_seqc, rsem, rseqc, busco, goleft_indexcov, disambiguate, supernova, deeptools, sargasso, verifybamid, mirtrace, happy, homer, macs2, theta2, snpeff, gatk, htseq, bcftools, featureCounts, dedup, picard, prokka, samblaster, samtools, bamtools, jellyfish, vcftools, longranger, bbmap, bismark, hicexplorer, hicup, hicpro, salmon, kallisto, slamdunk, star, hisat2, tophat, bowtie2, bowtie1, kat, leehom, adapterRemoval, clipandmerge, cutadapt, flexbar, trimmomatic, skewer, sortmerna, biobloomtools, fastq_screen, afterqc, fastp, fastqc, clusterflow, bcl2fastq, interop
[2022-01-29 15:17:51,706] multiqc                                            [DEBUG  ]  Using temporary directory for creating report: /tmp/tmpJR2VCB
[2022-01-29 15:17:52,844] multiqc                                            [DEBUG  ]  Ignoring file as matched an ignore pattern: SRR5264043_2.fastq
[2022-01-29 15:17:53,196] multiqc                                            [DEBUG  ]  Ignoring file as matched an ignore pattern: SRR5264060_2_fastqc.html
[2022-01-29 15:17:53,197] multiqc                                            [DEBUG  ]  Ignoring file as matched an ignore pattern: SRR5264037_1_fastqc.html
[2022-01-29 15:17:53,579] multiqc                                            [DEBUG  ]  Ignoring file as matched an ignore pattern: SRR5264054_2.fastq
[2022-01-29 15:17:54,080] multiqc                                            [DEBUG  ]  Ignoring file as matched an ignore pattern: SRR5264067_2.fastq
[2022-01-29 15:17:54,202] multiqc                                            [DEBUG  ]  Ignoring file as matched an ignore pattern: SRR5264073_2.fastq
[2022-01-29 15:17:54,328] multiqc                                            [DEBUG  ]  Ignoring file as matched an ignore pattern: SRR5264054_1_fastqc.html
[2022-01-29 15:17:54,329] multiqc                                            [DEBUG  ]  Ignoring file as matched an ignore pattern: SRR5264040_2_fastqc.html
[2022-01-29 15:17:54,451] multiqc                                            [DEBUG  ]  Ignoring file as matched an ignore pattern: SRR5264040_1_fastqc.html
[2022-01-29 15:17:54,575] multiqc                                            [DEBUG  ]  Ignoring file as matched an ignore pattern: SRR5264054_2_fastqc.html
[2022-01-29 15:17:55,064] multiqc                                            [DEBUG  ]  Ignoring file as matched an ignore pattern: SRR5264057_2.fastq
[2022-01-29 15:17:55,066] multiqc                                            [DEBUG  ]  Ignoring file as matched an ignore pattern: SRR5264060_2.fastq
[2022-01-29 15:17:55,068] multiqc                                            [DEBUG  ]  Ignoring file as matched an ignore pattern: SRR5264073_1_fastqc.html
[2022-01-29 15:17:55,325] multiqc                                            [DEBUG  ]  Ignoring file as matched an ignore pattern: SRR5264037_1.fastq
[2022-01-29 15:17:55,326] multiqc                                            [DEBUG  ]  Ignoring file as matched an ignore pattern: SRR5264040_2.fastq
[2022-01-29 15:17:55,566] multiqc                                            [DEBUG  ]  Ignoring file as matched an ignore pattern: SRR5264073_2_fastqc.html
[2022-01-29 15:17:55,566] multiqc                                            [DEBUG  ]  Ignoring file as matched an ignore pattern: SRR5264070_2.fastq
[2022-01-29 15:17:55,567] multiqc                                            [DEBUG  ]  Ignoring file as matched an ignore pattern: SRR5264054_1.fastq
[2022-01-29 15:17:55,689] multiqc                                            [DEBUG  ]  Ignoring file as matched an ignore pattern: SRR5264067_1.fastq
[2022-01-29 15:17:55,690] multiqc                                            [DEBUG  ]  Ignoring file as matched an ignore pattern: SRR5264043_1_fastqc.html
[2022-01-29 15:17:55,690] multiqc                                            [DEBUG  ]  Ignoring file as matched an ignore pattern: SRR5264070_2_fastqc.html
[2022-01-29 15:17:55,691] multiqc                                            [DEBUG  ]  Ignoring file as matched an ignore pattern: SRR5264057_2_fastqc.html
[2022-01-29 15:17:56,297] multiqc                                            [DEBUG  ]  Ignoring file as matched an ignore pattern: SRR5264067_2_fastqc.html
[2022-01-29 15:17:56,301] multiqc                                            [DEBUG  ]  Ignoring file as matched an ignore pattern: SRR5264057_1.fastq
[2022-01-29 15:17:56,539] multiqc                                            [DEBUG  ]  Ignoring file as matched an ignore pattern: SRR5264040_1.fastq
[2022-01-29 15:17:56,541] multiqc                                            [DEBUG  ]  Ignoring file as matched an ignore pattern: SRR5264073_1.fastq
[2022-01-29 15:17:56,910] multiqc                                            [DEBUG  ]  Ignoring file as matched an ignore pattern: SRR5264060_1.fastq
[2022-01-29 15:17:57,031] multiqc                                            [DEBUG  ]  Ignoring file as matched an ignore pattern: SRR5264070_1.fastq
[2022-01-29 15:17:57,032] multiqc                                            [DEBUG  ]  Ignoring file as matched an ignore pattern: SRR5264070_1_fastqc.html
[2022-01-29 15:17:57,273] multiqc                                            [DEBUG  ]  Ignoring file as matched an ignore pattern: SRR5264043_2_fastqc.html
[2022-01-29 15:17:57,623] multiqc                                            [DEBUG  ]  Ignoring file as matched an ignore pattern: SRR5264037_2.fastq
[2022-01-29 15:17:57,744] multiqc                                            [DEBUG  ]  Ignoring file as matched an ignore pattern: SRR5264057_1_fastqc.html
[2022-01-29 15:17:57,746] multiqc                                            [DEBUG  ]  Ignoring file as matched an ignore pattern: SRR5264037_2_fastqc.html
[2022-01-29 15:17:57,746] multiqc                                            [DEBUG  ]  Ignoring file as matched an ignore pattern: SRR5264043_1.fastq
[2022-01-29 15:17:57,747] multiqc                                            [DEBUG  ]  Ignoring file as matched an ignore pattern: SRR5264060_1_fastqc.html
[2022-01-29 15:17:57,747] multiqc                                            [DEBUG  ]  Ignoring file as matched an ignore pattern: SRR5264067_1_fastqc.html
[2022-01-29 15:18:04,727] multiqc                                            [DEBUG  ]  No samples found: custom_content
[2022-01-29 15:18:04,844] multiqc                                            [DEBUG  ]  No samples found: conpair
[2022-01-29 15:18:04,979] multiqc                                            [DEBUG  ]  No samples found: peddy
[2022-01-29 15:18:05,101] multiqc                                            [DEBUG  ]  No samples found: methylQA
[2022-01-29 15:18:05,277] multiqc                                            [DEBUG  ]  No samples found: qualimap
[2022-01-29 15:18:05,355] multiqc                                            [DEBUG  ]  No samples found: preseq
[2022-01-29 15:18:05,476] multiqc                                            [DEBUG  ]  No samples found: quast
[2022-01-29 15:18:05,580] multiqc                                            [DEBUG  ]  No samples found: qorts
[2022-01-29 15:18:05,686] multiqc                                            [DEBUG  ]  No samples found: rna_seqc
[2022-01-29 15:18:05,826] multiqc                                            [DEBUG  ]  No samples found: rsem
[2022-01-29 15:18:06,235] multiqc                                            [DEBUG  ]  No samples found: rseqc
[2022-01-29 15:18:06,361] multiqc                                            [DEBUG  ]  No samples found: busco
[2022-01-29 15:18:06,436] multiqc                                            [DEBUG  ]  No samples found: goleft_indexcov
[2022-01-29 15:18:06,538] multiqc                                            [DEBUG  ]  No samples found: disambiguate
[2022-01-29 15:18:06,633] multiqc                                            [DEBUG  ]  No samples found: supernova
[2022-01-29 15:18:06,880] multiqc                                            [DEBUG  ]  No samples found: deeptools
[2022-01-29 15:18:06,985] multiqc                                            [DEBUG  ]  No samples found: sargasso
[2022-01-29 15:18:07,112] multiqc                                            [DEBUG  ]  No samples found: verifybamid
[2022-01-29 15:18:07,243] multiqc                                            [DEBUG  ]  No samples found: mirtrace
[2022-01-29 15:18:07,364] multiqc                                            [DEBUG  ]  No samples found: happy
[2022-01-29 15:18:07,527] multiqc                                            [DEBUG  ]  No samples found: homer
[2022-01-29 15:18:07,625] multiqc                                            [DEBUG  ]  No samples found: macs2
[2022-01-29 15:18:07,760] multiqc                                            [DEBUG  ]  No samples found: theta2
[2022-01-29 15:18:07,899] multiqc                                            [DEBUG  ]  No samples found: snpeff
[2022-01-29 15:18:08,061] multiqc                                            [DEBUG  ]  No samples found: gatk
[2022-01-29 15:18:08,173] multiqc                                            [DEBUG  ]  No samples found: htseq
[2022-01-29 15:18:08,320] multiqc                                            [DEBUG  ]  No samples found: bcftools
[2022-01-29 15:18:08,391] multiqc                                            [DEBUG  ]  No samples found: featureCounts
[2022-01-29 15:18:08,490] multiqc                                            [DEBUG  ]  No samples found: dedup
[2022-01-29 15:18:09,135] multiqc                                            [DEBUG  ]  No samples found: picard
[2022-01-29 15:18:09,228] multiqc                                            [DEBUG  ]  No samples found: prokka
[2022-01-29 15:18:09,362] multiqc                                            [DEBUG  ]  No samples found: samblaster
[2022-01-29 15:18:09,593] multiqc                                            [DEBUG  ]  No samples found: samtools
[2022-01-29 15:18:09,759] multiqc                                            [DEBUG  ]  No samples found: bamtools
[2022-01-29 15:18:09,874] multiqc                                            [DEBUG  ]  No samples found: jellyfish
[2022-01-29 15:18:10,080] multiqc                                            [DEBUG  ]  No samples found: vcftools
[2022-01-29 15:18:10,153] multiqc                                            [DEBUG  ]  No samples found: longranger
[2022-01-29 15:18:10,751] multiqc                                            [DEBUG  ]  No samples found: bbmap
[2022-01-29 15:18:10,841] multiqc                                            [DEBUG  ]  No samples found: bismark
[2022-01-29 15:18:10,905] multiqc                                            [DEBUG  ]  No samples found: hicexplorer
[2022-01-29 15:18:11,013] multiqc                                            [DEBUG  ]  No samples found: hicup
[2022-01-29 15:18:11,097] multiqc                                            [DEBUG  ]  No samples found: hicpro
[2022-01-29 15:18:11,174] multiqc                                            [DEBUG  ]  No samples found: salmon
[2022-01-29 15:18:11,269] multiqc                                            [DEBUG  ]  No samples found: kallisto
[2022-01-29 15:18:11,424] multiqc                                            [DEBUG  ]  No samples found: slamdunk
[2022-01-29 15:18:11,521] multiqc                                            [DEBUG  ]  No samples found: star
[2022-01-29 15:18:11,662] multiqc                                            [DEBUG  ]  No samples found: hisat2
[2022-01-29 15:18:11,762] multiqc                                            [DEBUG  ]  No samples found: tophat
[2022-01-29 15:18:11,894] multiqc                                            [DEBUG  ]  No samples found: bowtie2
[2022-01-29 15:18:11,991] multiqc                                            [DEBUG  ]  No samples found: bowtie1
[2022-01-29 15:18:12,144] multiqc                                            [DEBUG  ]  No samples found: kat
[2022-01-29 15:18:12,241] multiqc                                            [DEBUG  ]  No samples found: leehom
[2022-01-29 15:18:12,364] multiqc                                            [DEBUG  ]  No samples found: adapterRemoval
[2022-01-29 15:18:12,456] multiqc                                            [DEBUG  ]  No samples found: clipandmerge
[2022-01-29 15:18:12,533] multiqc                                            [DEBUG  ]  No samples found: cutadapt
[2022-01-29 15:18:12,688] multiqc                                            [DEBUG  ]  No samples found: flexbar
[2022-01-29 15:18:12,773] multiqc                                            [DEBUG  ]  No samples found: trimmomatic
[2022-01-29 15:18:12,882] multiqc                                            [DEBUG  ]  No samples found: skewer
[2022-01-29 15:18:12,973] multiqc                                            [DEBUG  ]  No samples found: sortmerna
[2022-01-29 15:18:13,074] multiqc                                            [DEBUG  ]  No samples found: biobloomtools
[2022-01-29 15:18:13,164] multiqc                                            [DEBUG  ]  No samples found: fastq_screen
[2022-01-29 15:18:13,291] multiqc                                            [DEBUG  ]  No samples found: afterqc
[2022-01-29 15:18:13,404] multiqc                                            [DEBUG  ]  No samples found: fastp
[2022-01-29 15:18:17,201] multiqc.modules.fastqc.fastqc                      [INFO   ]  Found 18 reports
[2022-01-29 15:18:32,128] multiqc                                            [DEBUG  ]  No samples found: clusterflow
[2022-01-29 15:18:32,247] multiqc                                            [DEBUG  ]  No samples found: bcl2fastq
[2022-01-29 15:18:32,349] multiqc                                            [DEBUG  ]  No samples found: interop
[2022-01-29 15:18:32,422] multiqc                                            [INFO   ]  Compressing plot data
[2022-01-29 15:18:33,653] multiqc                                            [INFO   ]  Report      : multiqc_report.html
[2022-01-29 15:18:33,653] multiqc                                            [INFO   ]  Data        : multiqc_data
[2022-01-29 15:18:33,656] multiqc                                            [DEBUG  ]  Moving data file from '/tmp/tmpJR2VCB/multiqc_data/mqc_fastqc_overrepresented_sequencesi_plot_1.txt' to '/nfs/no_backup/jvalcarcel/emancini/anieto/multiqc_data'
[2022-01-29 15:18:33,665] multiqc                                            [DEBUG  ]  Moving data file from '/tmp/tmpJR2VCB/multiqc_data/mqc_fastqc_per_base_sequence_quality_plot_1.txt' to '/nfs/no_backup/jvalcarcel/emancini/anieto/multiqc_data'
[2022-01-29 15:18:33,675] multiqc                                            [DEBUG  ]  Moving data file from '/tmp/tmpJR2VCB/multiqc_data/mqc_fastqc_per_sequence_quality_scores_plot_1.txt' to '/nfs/no_backup/jvalcarcel/emancini/anieto/multiqc_data'
[2022-01-29 15:18:33,685] multiqc                                            [DEBUG  ]  Moving data file from '/tmp/tmpJR2VCB/multiqc_data/mqc_fastqc_adapter_content_plot_1.txt' to '/nfs/no_backup/jvalcarcel/emancini/anieto/multiqc_data'
[2022-01-29 15:18:33,695] multiqc                                            [DEBUG  ]  Moving data file from '/tmp/tmpJR2VCB/multiqc_data/multiqc_data.json' to '/nfs/no_backup/jvalcarcel/emancini/anieto/multiqc_data'
[2022-01-29 15:18:33,709] multiqc                                            [DEBUG  ]  Moving data file from '/tmp/tmpJR2VCB/multiqc_data/multiqc_fastqc.txt' to '/nfs/no_backup/jvalcarcel/emancini/anieto/multiqc_data'
[2022-01-29 15:18:33,718] multiqc                                            [DEBUG  ]  Moving data file from '/tmp/tmpJR2VCB/multiqc_data/mqc_fastqc_sequence_counts_plot_1.txt' to '/nfs/no_backup/jvalcarcel/emancini/anieto/multiqc_data'
[2022-01-29 15:18:33,728] multiqc                                            [DEBUG  ]  Moving data file from '/tmp/tmpJR2VCB/multiqc_data/mqc_fastqc_per_base_n_content_plot_1.txt' to '/nfs/no_backup/jvalcarcel/emancini/anieto/multiqc_data'
[2022-01-29 15:18:33,736] multiqc                                            [DEBUG  ]  Moving data file from '/tmp/tmpJR2VCB/multiqc_data/multiqc_sources.txt' to '/nfs/no_backup/jvalcarcel/emancini/anieto/multiqc_data'
[2022-01-29 15:18:33,747] multiqc                                            [DEBUG  ]  Moving data file from '/tmp/tmpJR2VCB/multiqc_data/mqc_fastqc_sequence_duplication_levels_plot_1.txt' to '/nfs/no_backup/jvalcarcel/emancini/anieto/multiqc_data'
[2022-01-29 15:18:33,754] multiqc                                            [DEBUG  ]  Moving data file from '/tmp/tmpJR2VCB/multiqc_data/mqc_fastqc_per_sequence_gc_content_plot_Counts.txt' to '/nfs/no_backup/jvalcarcel/emancini/anieto/multiqc_data'
[2022-01-29 15:18:33,763] multiqc                                            [DEBUG  ]  Moving data file from '/tmp/tmpJR2VCB/multiqc_data/multiqc_general_stats.txt' to '/nfs/no_backup/jvalcarcel/emancini/anieto/multiqc_data'
[2022-01-29 15:18:33,772] multiqc                                            [DEBUG  ]  Moving data file from '/tmp/tmpJR2VCB/multiqc_data/mqc_fastqc_per_sequence_gc_content_plot_Percentages.txt' to '/nfs/no_backup/jvalcarcel/emancini/anieto/multiqc_data'
[2022-01-29 15:18:33,781] multiqc                                            [INFO   ]  Plots       : multiqc_plots
[2022-01-29 15:18:33,781] multiqc                                            [DEBUG  ]  Moving plots directory from '/tmp/tmpJR2VCB/multiqc_plots/svg' to '/nfs/no_backup/jvalcarcel/emancini/anieto/multiqc_plots'
[2022-01-29 15:18:33,923] multiqc                                            [DEBUG  ]  Moving plots directory from '/tmp/tmpJR2VCB/multiqc_plots/pdf' to '/nfs/no_backup/jvalcarcel/emancini/anieto/multiqc_plots'
[2022-01-29 15:18:34,047] multiqc                                            [DEBUG  ]  Moving plots directory from '/tmp/tmpJR2VCB/multiqc_plots/png' to '/nfs/no_backup/jvalcarcel/emancini/anieto/multiqc_plots'
[2022-01-29 15:18:35,308] multiqc                                            [INFO   ]  MultiQC complete
